<?xml version="1.0" encoding="UTF-8"?>
<!-- Generated by org.testng.reporters.JUnitReportReporter -->
<testsuite hostname="HP" failures="0" tests="4" name="org.test.ng.EShippingAndPayment" time="13.048" errors="0" timestamp="02 Jul 2024 06:20:31 GMT" skipped="0">
  <testcase classname="org.test.ng.EShippingAndPayment" name="shippingAccept" time="2.608"/>
  <testcase classname="org.test.ng.EShippingAndPayment" name="choosePayment" time="1.504"/>
  <testcase classname="org.test.ng.EShippingAndPayment" name="confirmOrder" time="8.384"/>
  <testcase classname="org.test.ng.EShippingAndPayment" name="orderScreenshot" time="0.552"/>
</testsuite> <!-- org.test.ng.EShippingAndPayment -->
