<?xml version="1.0" encoding="UTF-8"?>
<!-- Generated by org.testng.reporters.JUnitReportReporter -->
<testsuite hostname="HP" failures="0" tests="2" name="org.test.ng.BProductListPage" time="5.716" errors="0" timestamp="02 Jul 2024 06:20:31 GMT" skipped="0">
  <testcase classname="org.test.ng.BProductListPage" name="sortProducts" time="2.365"/>
  <testcase classname="org.test.ng.BProductListPage" name="productSelect" time="3.351"/>
</testsuite> <!-- org.test.ng.BProductListPage -->
