<?xml version="1.0" encoding="UTF-8"?>
<!-- Generated by org.testng.reporters.JUnitReportReporter -->
<testsuite hostname="HP" failures="0" tests="3" name="org.login.ParameterPassing" time="4.979" errors="0" timestamp="02 Jul 2024 06:24:18 GMT" skipped="0">
  <testcase classname="org.login.ParameterPassing" name="signInClick" time="1.931"/>
  <testcase classname="org.login.ParameterPassing" name="passValues" time="2.390"/>
  <testcase classname="org.login.ParameterPassing" name="screenshotMyAccount" time="0.658"/>
</testsuite> <!-- org.login.ParameterPassing -->
