<?xml version="1.0" encoding="UTF-8"?>
<!-- Generated by org.testng.reporters.JUnitReportReporter -->
<testsuite hostname="HP" failures="0" tests="4" name="org.test.ng.LoginAndHomePage" time="18.795" errors="0" timestamp="24 Jun 2024 14:43:59 GMT" skipped="0">
  <testcase classname="org.test.ng.LoginAndHomePage" name="signInClick" time="3.871"/>
  <testcase classname="org.test.ng.LoginAndHomePage" name="signInModule" time="3.901"/>
  <testcase classname="org.test.ng.LoginAndHomePage" name="homeButton" time="3.688"/>
  <testcase classname="org.test.ng.LoginAndHomePage" name="categoryClick" time="7.335"/>
</testsuite> <!-- org.test.ng.LoginAndHomePage -->
