<?xml version="1.0" encoding="UTF-8"?>
<!-- Generated by org.testng.reporters.JUnitReportReporter -->
<testsuite hostname="HP" failures="0" tests="5" name="org.login.DataProviderClass" time="11.047" errors="0" timestamp="02 Jul 2024 06:22:49 GMT" skipped="0">
  <testcase classname="org.login.DataProviderClass" name="signInClick" time="2.130"/>
  <testcase classname="org.login.DataProviderClass" name="enterValues" time="2.550"/>
  <testcase classname="org.login.DataProviderClass" name="enterValues" time="2.203"/>
  <testcase classname="org.login.DataProviderClass" name="enterValues" time="2.193"/>
  <testcase classname="org.login.DataProviderClass" name="enterValues" time="1.971"/>
</testsuite> <!-- org.login.DataProviderClass -->
