<?xml version="1.0" encoding="UTF-8"?>
<!-- Generated by org.testng.reporters.JUnitReportReporter -->
<testsuite hostname="HP" failures="0" tests="2" name="org.group.BClass" time="0.010" errors="0" timestamp="25 Jun 2024 14:05:48 GMT" skipped="0">
  <testcase classname="org.group.BClass" name="tc33" time="0.005"/>
  <testcase classname="org.group.BClass" name="tc22" time="0.005"/>
</testsuite> <!-- org.group.BClass -->
