<?xml version="1.0" encoding="UTF-8"?>
<!-- Generated by org.testng.reporters.JUnitReportReporter -->
<testsuite hostname="HP" failures="0" tests="3" name="org.login.LoginUsingExcel" time="8.308" errors="0" timestamp="02 Jul 2024 06:23:31 GMT" skipped="0">
  <testcase classname="org.login.LoginUsingExcel" name="signInClick" time="1.880"/>
  <testcase classname="org.login.LoginUsingExcel" name="passValues" time="5.741"/>
  <testcase classname="org.login.LoginUsingExcel" name="screenshotMyAccount" time="0.687"/>
</testsuite> <!-- org.login.LoginUsingExcel -->
