<?xml version="1.0" encoding="UTF-8"?>
<!-- Generated by org.testng.reporters.JUnitReportReporter -->
<testsuite hostname="HP" failures="0" tests="4" name="org.test.ng.ALoginAndHomePage" time="17.904" errors="0" timestamp="02 Jul 2024 06:20:31 GMT" skipped="0">
  <testcase classname="org.test.ng.ALoginAndHomePage" name="signInClick" time="5.552"/>
  <testcase classname="org.test.ng.ALoginAndHomePage" name="signInModule" time="5.371"/>
  <testcase classname="org.test.ng.ALoginAndHomePage" name="homeButton" time="1.789"/>
  <testcase classname="org.test.ng.ALoginAndHomePage" name="categoryClick" time="5.192"/>
</testsuite> <!-- org.test.ng.ALoginAndHomePage -->
