<?xml version="1.0" encoding="UTF-8"?>
<!-- Generated by org.testng.reporters.JUnitReportReporter -->
<testsuite hostname="HP" failures="0" tests="4" name="org.test.ng.CProductInfoPage" time="6.061" errors="0" timestamp="02 Jul 2024 06:20:31 GMT" skipped="0">
  <testcase classname="org.test.ng.CProductInfoPage" name="sizeSelect" time="0.500"/>
  <testcase classname="org.test.ng.CProductInfoPage" name="viewPictures" time="2.304"/>
  <testcase classname="org.test.ng.CProductInfoPage" name="quantityIncrease" time="0.540"/>
  <testcase classname="org.test.ng.CProductInfoPage" name="addProductToCart" time="2.717"/>
</testsuite> <!-- org.test.ng.CProductInfoPage -->
