<?xml version="1.0" encoding="UTF-8"?>
<!-- Generated by org.testng.reporters.JUnitReportReporter -->
<testsuite hostname="HP" failures="0" tests="2" name="org.group.AClass" time="0.035" errors="0" timestamp="25 Jun 2024 14:05:48 GMT" skipped="0">
  <testcase classname="org.group.AClass" name="tc3" time="0.005"/>
  <testcase classname="org.group.AClass" name="tc1" time="0.030"/>
</testsuite> <!-- org.group.AClass -->
