<?xml version="1.0" encoding="UTF-8"?>
<!-- Generated by org.testng.reporters.JUnitReportReporter -->
<testsuite hostname="HP" failures="0" tests="2" name="org.test.ng.DProductCartSummary" time="8.191" errors="0" timestamp="02 Jul 2024 06:20:31 GMT" skipped="0">
  <testcase classname="org.test.ng.DProductCartSummary" name="checkoutSummary" time="4.861"/>
  <testcase classname="org.test.ng.DProductCartSummary" name="confirmAddress" time="3.330"/>
</testsuite> <!-- org.test.ng.DProductCartSummary -->
