<?xml version="1.0" encoding="UTF-8"?>
<!-- Generated by org.testng.reporters.JUnitReportReporter -->
<testsuite hostname="HP" failures="0" tests="1" name="org.pack.Sample" time="11.216" errors="0" timestamp="24 Jun 2024 06:22:53 GMT" skipped="0">
  <testcase classname="org.pack.Sample" name="test1" time="11.216"/>
</testsuite> <!-- org.pack.Sample -->
