<?xml version="1.0" encoding="UTF-8"?>
<!-- Generated by org.testng.reporters.JUnitReportReporter -->
<testsuite hostname="HP" failures="0" tests="3" name="org.test.ng.ProductListPage" time="13.192" errors="0" timestamp="24 Jun 2024 14:43:59 GMT" skipped="0">
  <testcase classname="org.test.ng.ProductListPage" name="sortProducts" time="3.388"/>
  <testcase classname="org.test.ng.ProductListPage" name="colorSelect" time="3.357"/>
  <testcase classname="org.test.ng.ProductListPage" name="productSelect" time="6.447"/>
</testsuite> <!-- org.test.ng.ProductListPage -->
