<?xml version="1.0" encoding="UTF-8"?>
<!-- Generated by org.testng.reporters.JUnitReportReporter -->
<testsuite hostname="HP" failures="0" tests="1" name="org.group.CClass" time="0.000" errors="0" timestamp="25 Jun 2024 14:05:48 GMT" skipped="0">
  <testcase classname="org.group.CClass" name="tc111" time="0.000"/>
</testsuite> <!-- org.group.CClass -->
